2022-09-16 13:36:55,994 [INFO] Activator:177 - 


2022-09-16 13:36:55,994 [INFO] Activator:178 - !SESSION log4j initialized
2022-09-16 13:36:57,692 [ERROR] LogOutputStream:74 - [STDERR_REDIRECT] 
2022-09-16 13:37:21,519 [ERROR] LogOutputStream:74 - [STDERR_REDIRECT] SLF4J: Failed to load class "org.slf4j.impl.StaticLoggerBinder".
2022-09-16 13:37:21,520 [ERROR] LogOutputStream:74 - [STDERR_REDIRECT] SLF4J: Defaulting to no-operation (NOP) logger implementation
2022-09-16 13:37:21,520 [ERROR] LogOutputStream:74 - [STDERR_REDIRECT] SLF4J: See http://www.slf4j.org/codes.html#StaticLoggerBinder for further details.
2022-09-16 13:37:48,020 [INFO] McuFinderGlobals:44 - Set McuFinder mode to 2 (CubeIDE integrated)
2022-09-16 13:37:48,136 [INFO] ApplicationProperties:181 - Using Application install path: /Applications/STM32CubeIDE.app/Contents/Eclipse/plugins/com.st.stm32cube.common.mx_6.6.1.202207061420
2022-09-16 13:37:48,150 [INFO] DbMcusXml:77 - Set database path to: /Applications/STM32CubeIDE.app/Contents/Eclipse/plugins/com.st.stm32cube.common.mx_6.6.1.202207061420//db//mcu/
2022-09-16 13:37:48,151 [INFO] ApiDb:269 - Set plugin database path to: /Applications/STM32CubeIDE.app/Contents/Eclipse/plugins/com.st.stm32cube.common.mx_6.6.1.202207061420//db//plugins/boardmanager/
2022-09-16 13:37:48,160 [WARN] ApiDb:254 - Overriding images path with different value:  => /Applications/STM32CubeIDE.app/Contents/Eclipse/plugins/com.st.stm32cube.common.mx_6.6.1.202207061420//db//plugins/mcufinder/images/
2022-09-16 13:37:48,182 [INFO] ApiDb:249 - Set database path to: /Users/donkoshy/.stmcufinder/plugins/mcufinder//mcu/
2022-09-16 13:37:48,184 [INFO] DbMcusAds:124 - Set database path to: /Users/donkoshy/.stmcufinder/plugins/mcufinder//mcu/
2022-09-16 13:37:48,187 [INFO] CrossReferenceDbSqlite:201 - Set database path to: /Users/donkoshy/.stmcufinder/plugins/mcufinder//mcu/cs/
2022-09-16 13:37:48,307 [INFO] RulesReader:61 - Compatibility file has been processed (282 Rules)
2022-09-16 13:37:48,375 [INFO] DbMcusXml:77 - Set database path to: /Applications/STM32CubeIDE.app/Contents/Eclipse/plugins/com.st.stm32cube.common.mx_6.6.1.202207061420//db//mcu/
2022-09-16 13:37:48,375 [INFO] ApiDb:269 - Set plugin database path to: /Applications/STM32CubeIDE.app/Contents/Eclipse/plugins/com.st.stm32cube.common.mx_6.6.1.202207061420//db//plugins/boardmanager/
2022-09-16 13:37:48,376 [INFO] ApiDb:256 - Set plugin images path to: /Applications/STM32CubeIDE.app/Contents/Eclipse/plugins/com.st.stm32cube.common.mx_6.6.1.202207061420//db//plugins/mcufinder/images/
2022-09-16 13:37:48,376 [WARN] DbFile:40 - Overriding database path with different value: /Users/donkoshy/.stmcufinder/plugins/mcufinder/ => /Users/donkoshy/.stmcufinder/plugins/mcufinder
2022-09-16 13:37:48,376 [INFO] ApiDb:249 - Set database path to: /Users/donkoshy/.stmcufinder/plugins/mcufinder//mcu/
2022-09-16 13:37:48,376 [WARN] DbFile:40 - Overriding database path with different value: /Users/donkoshy/.stmcufinder/plugins/mcufinder/ => /Users/donkoshy/.stmcufinder/plugins/mcufinder
2022-09-16 13:37:48,376 [INFO] DbMcusAds:124 - Set database path to: /Users/donkoshy/.stmcufinder/plugins/mcufinder//mcu/
2022-09-16 13:37:48,378 [WARN] DbFile:40 - Overriding database path with different value: /Users/donkoshy/.stmcufinder/plugins/mcufinder/ => /Users/donkoshy/.stmcufinder/plugins/mcufinder
2022-09-16 13:37:48,379 [WARN] DbFile:40 - Overriding database path with different value: /Users/donkoshy/.stmcufinder/plugins/mcufinder/ => /Users/donkoshy/.stmcufinder/plugins/mcufinder
2022-09-16 13:37:48,379 [INFO] CrossReferenceDbSqlite:201 - Set database path to: /Users/donkoshy/.stmcufinder/plugins/mcufinder//mcu/cs/
2022-09-16 13:37:48,467 [INFO] MainPanel:242 - HeapMemory: 277872640
2022-09-16 13:37:48,557 [INFO] DbMcusXml:77 - Set database path to: /Applications/STM32CubeIDE.app/Contents/Eclipse/plugins/com.st.stm32cube.common.mx_6.6.1.202207061420//db//mcu/
2022-09-16 13:37:48,557 [INFO] ApiDb:269 - Set plugin database path to: /Applications/STM32CubeIDE.app/Contents/Eclipse/plugins/com.st.stm32cube.common.mx_6.6.1.202207061420//db//plugins/boardmanager/
2022-09-16 13:37:48,557 [INFO] ApiDb:256 - Set plugin images path to: /Applications/STM32CubeIDE.app/Contents/Eclipse/plugins/com.st.stm32cube.common.mx_6.6.1.202207061420//db//plugins/mcufinder/images/
2022-09-16 13:37:48,558 [WARN] DbFile:40 - Overriding database path with different value: /Users/donkoshy/.stmcufinder/plugins/mcufinder/ => /Users/donkoshy/.stmcufinder/plugins/mcufinder
2022-09-16 13:37:48,558 [INFO] ApiDb:249 - Set database path to: /Users/donkoshy/.stmcufinder/plugins/mcufinder//mcu/
2022-09-16 13:37:48,558 [WARN] DbFile:40 - Overriding database path with different value: /Users/donkoshy/.stmcufinder/plugins/mcufinder/ => /Users/donkoshy/.stmcufinder/plugins/mcufinder
2022-09-16 13:37:48,558 [INFO] DbMcusAds:124 - Set database path to: /Users/donkoshy/.stmcufinder/plugins/mcufinder//mcu/
2022-09-16 13:37:48,558 [WARN] DbFile:40 - Overriding database path with different value: /Users/donkoshy/.stmcufinder/plugins/mcufinder/ => /Users/donkoshy/.stmcufinder/plugins/mcufinder
2022-09-16 13:37:48,559 [WARN] DbFile:40 - Overriding database path with different value: /Users/donkoshy/.stmcufinder/plugins/mcufinder/ => /Users/donkoshy/.stmcufinder/plugins/mcufinder
2022-09-16 13:37:48,559 [INFO] CrossReferenceDbSqlite:201 - Set database path to: /Users/donkoshy/.stmcufinder/plugins/mcufinder//mcu/cs/
2022-09-16 13:37:48,579 [INFO] ApplicationProperties:181 - Using Application install path: /Applications/STM32CubeIDE.app/Contents/Eclipse/plugins/com.st.stm32cube.common.mx_6.6.1.202207061420
2022-09-16 13:37:48,584 [INFO] PluginManage:193 - Search for loadable plugins [exclusion list=, ]
2022-09-16 13:37:48,586 [INFO] PluginManage:307 - Check plugin analytics
2022-09-16 13:37:48,787 [INFO] AnalyticsPlugin:262 - Accepted Software Licenses: 
2022-09-16 13:37:48,788 [INFO] AnalyticsPlugin:264 - Accepted CMSIS Pack Licenses: 
2022-09-16 13:37:48,788 [INFO] AnalyticsPlugin:266 - Accepted Firmware Licenses: 
2022-09-16 13:37:48,817 [INFO] PluginManage:356 - Loaded plugin analytics (category:tool,tabindex:-1)
2022-09-16 13:37:48,819 [INFO] PluginManage:307 - Check plugin cadmodel
2022-09-16 13:37:48,834 [INFO] CADModel:65 - Init CAD model plugin
2022-09-16 13:37:48,835 [INFO] PluginManage:356 - Loaded plugin cadmodel (category:power,tabindex:5)
2022-09-16 13:37:48,835 [INFO] PluginManage:307 - Check plugin clock
2022-09-16 13:37:48,846 [INFO] PluginManage:356 - Loaded plugin clock (category:base,tabindex:2)
2022-09-16 13:37:48,846 [INFO] PluginManage:307 - Check plugin ddr
2022-09-16 13:37:48,848 [INFO] PluginManage:356 - Loaded plugin ddr (category:tool,tabindex:6)
2022-09-16 13:37:48,848 [INFO] PluginManage:307 - Check plugin filemanager
2022-09-16 13:37:48,965 [INFO] PluginManage:356 - Loaded plugin filemanager (category:base,tabindex:10)
2022-09-16 13:37:48,966 [INFO] PluginManage:307 - Check plugin ipmanager
2022-09-16 13:37:48,973 [INFO] PluginManage:356 - Loaded plugin ipmanager (category:base,tabindex:5)
2022-09-16 13:37:48,973 [INFO] PluginManage:307 - Check plugin lpbam
2022-09-16 13:37:48,982 [INFO] PluginManage:356 - Loaded plugin lpbam (category:base,tabindex:0)
2022-09-16 13:37:48,984 [INFO] PluginManage:307 - Check plugin pinoutandconfiguration
2022-09-16 13:37:48,990 [INFO] PluginManage:356 - Loaded plugin pinoutandconfiguration (category:base,tabindex:1)
2022-09-16 13:37:48,990 [INFO] PluginManage:307 - Check plugin pinoutconfig
2022-09-16 13:37:49,026 [INFO] PluginManage:356 - Loaded plugin pinoutconfig (category:base,tabindex:0)
2022-09-16 13:37:49,027 [INFO] PluginManage:307 - Check plugin power
2022-09-16 13:37:49,039 [INFO] PluginManage:356 - Loaded plugin power (category:power,tabindex:4)
2022-09-16 13:37:49,039 [INFO] PluginManage:307 - Check plugin projectmanager
2022-09-16 13:37:49,059 [INFO] PluginManage:356 - Loaded plugin projectmanager (category:projectmanager,tabindex:3)
2022-09-16 13:37:49,059 [INFO] PluginManage:307 - Check plugin thirdparty
2022-09-16 13:37:49,211 [WARN] IntegrityCheckThread:82 - waiting for thirdparty lock release [integrity check]
2022-09-16 13:37:49,213 [INFO] PluginManage:356 - Loaded plugin thirdparty (category:base,tabindex:-1)
2022-09-16 13:37:49,213 [INFO] IntegrityCheckThread:84 - entering critical section [integrity check]
2022-09-16 13:37:49,213 [INFO] PluginManage:307 - Check plugin tools
2022-09-16 13:37:49,217 [INFO] PluginManage:356 - Loaded plugin tools (category:base,tabindex:7)
2022-09-16 13:37:49,217 [INFO] PluginManage:307 - Check plugin tutovideos
2022-09-16 13:37:49,218 [INFO] ThirdPartyUpdaterWithRetryManager:70 - Updater plugin not ready yet. [1/15]
2022-09-16 13:37:49,415 [INFO] PluginManage:356 - Loaded plugin tutovideos (category:base,tabindex:-1)
2022-09-16 13:37:49,416 [INFO] PluginManage:307 - Check plugin updater
2022-09-16 13:37:49,437 [INFO] PluginManage:356 - Loaded plugin updater (category:base,tabindex:12)
2022-09-16 13:37:49,441 [INFO] PluginManage:280 - PluginManage : Loaded plugins [15]
2022-09-16 13:37:50,208 [INFO] PinOutPanel:1468 - setPackage(No Configuration,No Configuration)
2022-09-16 13:37:50,282 [INFO] CADModel:98 - CPN selected for project level
2022-09-16 13:37:50,299 [INFO] IPUIPlugin:79 - create IPUIPlugin
2022-09-16 13:37:50,299 [INFO] PluginManager:217 - loadIPPluginJar : add mdma
2022-09-16 13:37:50,306 [INFO] IPUIPlugin:79 - create IPUIPlugin
2022-09-16 13:37:50,307 [INFO] PluginManager:217 - loadIPPluginJar : add freertos
2022-09-16 13:37:50,311 [INFO] IPUIPlugin:79 - create IPUIPlugin
2022-09-16 13:37:50,312 [INFO] PluginManager:217 - loadIPPluginJar : add gic
2022-09-16 13:37:50,319 [INFO] IPUIPlugin:79 - create IPUIPlugin
2022-09-16 13:37:50,319 [INFO] PluginManager:217 - loadIPPluginJar : add adc
2022-09-16 13:37:50,321 [INFO] IPUIPlugin:79 - create IPUIPlugin
2022-09-16 13:37:50,322 [INFO] PluginManager:217 - loadIPPluginJar : add gtzc
2022-09-16 13:37:50,323 [INFO] IPUIPlugin:79 - create IPUIPlugin
2022-09-16 13:37:50,323 [INFO] PluginManager:217 - loadIPPluginJar : add quadspi
2022-09-16 13:37:50,325 [INFO] IPUIPlugin:79 - create IPUIPlugin
2022-09-16 13:37:50,325 [INFO] PluginManager:217 - loadIPPluginJar : add aes
2022-09-16 13:37:50,327 [INFO] IPUIPlugin:79 - create IPUIPlugin
2022-09-16 13:37:50,327 [INFO] PluginManager:217 - loadIPPluginJar : add pdm2pcm
2022-09-16 13:37:50,328 [INFO] IPUIPlugin:79 - create IPUIPlugin
2022-09-16 13:37:50,328 [INFO] PluginManager:217 - loadIPPluginJar : add hash
2022-09-16 13:37:50,330 [INFO] IPUIPlugin:79 - create IPUIPlugin
2022-09-16 13:37:50,330 [INFO] PluginManager:217 - loadIPPluginJar : add tim
2022-09-16 13:37:50,331 [INFO] IPUIPlugin:79 - create IPUIPlugin
2022-09-16 13:37:50,331 [INFO] PluginManager:217 - loadIPPluginJar : add tsc
2022-09-16 13:37:50,332 [INFO] IPUIPlugin:79 - create IPUIPlugin
2022-09-16 13:37:50,332 [INFO] PluginManager:217 - loadIPPluginJar : add ts
2022-09-16 13:37:50,334 [INFO] IPUIPlugin:79 - create IPUIPlugin
2022-09-16 13:37:50,334 [INFO] PluginManager:217 - loadIPPluginJar : add can
2022-09-16 13:37:50,336 [INFO] IPUIPlugin:79 - create IPUIPlugin
2022-09-16 13:37:50,336 [INFO] PluginManager:217 - loadIPPluginJar : add dma3
2022-09-16 13:37:50,337 [INFO] IPUIPlugin:79 - create IPUIPlugin
2022-09-16 13:37:50,338 [INFO] PluginManager:217 - loadIPPluginJar : add dfsdm
2022-09-16 13:37:50,339 [INFO] IPUIPlugin:79 - create IPUIPlugin
2022-09-16 13:37:50,339 [INFO] PluginManager:217 - loadIPPluginJar : add spi
2022-09-16 13:37:50,341 [INFO] IPUIPlugin:79 - create IPUIPlugin
2022-09-16 13:37:50,341 [INFO] PluginManager:217 - loadIPPluginJar : add gfxmmu
2022-09-16 13:37:50,342 [INFO] IPUIPlugin:79 - create IPUIPlugin
2022-09-16 13:37:50,342 [INFO] PluginManager:217 - loadIPPluginJar : add genericplugin
2022-09-16 13:37:50,344 [INFO] IPUIPlugin:79 - create IPUIPlugin
2022-09-16 13:37:50,344 [INFO] PluginManager:217 - loadIPPluginJar : add cryp
2022-09-16 13:37:50,347 [INFO] IPUIPlugin:79 - create IPUIPlugin
2022-09-16 13:37:50,353 [INFO] PluginManager:217 - loadIPPluginJar : add gpio
2022-09-16 13:37:50,355 [INFO] IPUIPlugin:79 - create IPUIPlugin
2022-09-16 13:37:50,355 [INFO] PluginManager:217 - loadIPPluginJar : add comp
2022-09-16 13:37:50,357 [INFO] IPUIPlugin:79 - create IPUIPlugin
2022-09-16 13:37:50,357 [INFO] PluginManager:217 - loadIPPluginJar : add tracer_emb
2022-09-16 13:37:50,359 [INFO] IPUIPlugin:79 - create IPUIPlugin
2022-09-16 13:37:50,359 [INFO] PluginManager:217 - loadIPPluginJar : add openamp
2022-09-16 13:37:50,363 [INFO] IPUIPlugin:79 - create IPUIPlugin
2022-09-16 13:37:50,363 [INFO] PluginManager:217 - loadIPPluginJar : add stm32_wpan
2022-09-16 13:37:50,368 [INFO] IPUIPlugin:79 - create IPUIPlugin
2022-09-16 13:37:50,372 [INFO] PluginManager:217 - loadIPPluginJar : add plateformsettings
2022-09-16 13:37:50,376 [INFO] IPUIPlugin:79 - create IPUIPlugin
2022-09-16 13:37:50,376 [INFO] PluginManager:217 - loadIPPluginJar : add ipddr
2022-09-16 13:37:50,378 [INFO] IPUIPlugin:79 - create IPUIPlugin
2022-09-16 13:37:50,378 [INFO] PluginManager:217 - loadIPPluginJar : add usart
2022-09-16 13:37:50,380 [INFO] IPUIPlugin:79 - create IPUIPlugin
2022-09-16 13:37:50,380 [INFO] PluginManager:217 - loadIPPluginJar : add ltdc
2022-09-16 13:37:50,383 [INFO] IPUIPlugin:79 - create IPUIPlugin
2022-09-16 13:37:50,384 [INFO] PluginManager:217 - loadIPPluginJar : add nvic
2022-09-16 13:37:50,386 [INFO] IPUIPlugin:79 - create IPUIPlugin
2022-09-16 13:37:50,386 [INFO] PluginManager:217 - loadIPPluginJar : add fatfs
2022-09-16 13:37:50,396 [INFO] IPUIPlugin:79 - create IPUIPlugin
2022-09-16 13:37:50,397 [INFO] PluginManager:217 - loadIPPluginJar : add linkedlist
2022-09-16 13:37:50,403 [INFO] IPUIPlugin:79 - create IPUIPlugin
2022-09-16 13:37:50,403 [INFO] PluginManager:217 - loadIPPluginJar : add dma
2022-09-16 13:37:50,406 [INFO] IPUIPlugin:79 - create IPUIPlugin
2022-09-16 13:37:50,407 [INFO] PluginManager:217 - loadIPPluginJar : add fmc
2022-09-16 13:37:50,408 [INFO] IPUIPlugin:79 - create IPUIPlugin
2022-09-16 13:37:50,409 [INFO] PluginManager:217 - loadIPPluginJar : add i2s
2022-09-16 13:37:50,410 [INFO] IPUIPlugin:79 - create IPUIPlugin
2022-09-16 13:37:50,410 [INFO] PluginManager:217 - loadIPPluginJar : add ucpd
2022-09-16 13:37:50,412 [INFO] IPUIPlugin:79 - create IPUIPlugin
2022-09-16 13:37:50,412 [INFO] PluginManager:217 - loadIPPluginJar : add lorawan
2022-09-16 13:37:50,414 [INFO] IPUIPlugin:79 - create IPUIPlugin
2022-09-16 13:37:50,415 [INFO] PluginManager:217 - loadIPPluginJar : add opamp
2022-09-16 13:37:50,417 [INFO] IPUIPlugin:79 - create IPUIPlugin
2022-09-16 13:37:50,417 [INFO] PluginManager:217 - loadIPPluginJar : add touchsensing
2022-09-16 13:37:50,419 [INFO] IPUIPlugin:79 - create IPUIPlugin
2022-09-16 13:37:50,420 [INFO] PluginManager:217 - loadIPPluginJar : add i2c
2022-09-16 13:37:50,423 [INFO] IPUIPlugin:79 - create IPUIPlugin
2022-09-16 13:37:50,423 [INFO] PluginManager:217 - loadIPPluginJar : add resmgrutility
2022-09-16 13:37:50,425 [INFO] IPUIPlugin:79 - create IPUIPlugin
2022-09-16 13:37:50,425 [INFO] PluginManager:217 - loadIPPluginJar : add sai
2022-09-16 13:37:50,427 [INFO] IPUIPlugin:79 - create IPUIPlugin
2022-09-16 13:37:50,428 [INFO] PluginManager:217 - loadIPPluginJar : add usbx
2022-09-16 13:37:50,780 [FATAL] Updater:301 - Updater called before beeing initialized
2022-09-16 13:37:50,963 [FATAL] Updater:301 - Updater called before beeing initialized
2022-09-16 13:37:50,988 [INFO] DbMcusAds:52 - JSON generation date=Thu Sep 30 08:55:09 SAST 2021 (1632984909265)
2022-09-16 13:37:50,989 [FATAL] Updater:301 - Updater called before beeing initialized
2022-09-16 13:37:51,054 [WARN] DetailPanel:344 - Failed to get advertising image, set to default
2022-09-16 13:37:51,301 [FATAL] Updater:301 - Updater called before beeing initialized
2022-09-16 13:37:51,339 [FATAL] Updater:301 - Updater called before beeing initialized
2022-09-16 13:37:51,340 [FATAL] Updater:301 - Updater called before beeing initialized
2022-09-16 13:37:51,341 [WARN] DetailPanel:344 - Failed to get advertising image, set to default
2022-09-16 13:37:51,375 [FATAL] Updater:301 - Updater called before beeing initialized
2022-09-16 13:37:51,539 [ERROR] Updater:1105 - MainUpdater not yet initialized. External WinMGr cannot be set.
2022-09-16 13:37:51,599 [INFO] Updater:1041 - Updater Version found : 6.6.1
2022-09-16 13:37:51,616 [INFO] ApplicationProperties:181 - Using Application install path: /Applications/STM32CubeIDE.app/Contents/Eclipse/plugins/com.st.stm32cube.common.mx_6.6.1.202207061420
2022-09-16 13:37:52,223 [INFO] ThirdPartyUpdaterWithRetryManager:70 - Updater plugin not ready yet. [2/15]
2022-09-16 13:37:52,664 [INFO] MainUpdater:2768 - connection check result : 10
2022-09-16 13:37:52,665 [INFO] MainUpdater:280 - Updater Check For Update Now.
2022-09-16 13:37:52,665 [INFO] MicroXplorer:481 - Change Database Version : DB.6.0.60
2022-09-16 13:37:53,062 [INFO] CheckServerUpdateThread:119 - End of CheckServer Thread
2022-09-16 13:37:53,084 [INFO] MainUpdater:2768 - connection check result : 10
2022-09-16 13:37:53,094 [INFO] McuFinderGlobals:57 - Set McuFinderConnectedMode to true
2022-09-16 13:37:53,829 [INFO] ServerAccessManage:474 - Download File mcusAds.json._tmp_
2022-09-16 13:37:53,967 [INFO] LoadUrlFilesThread:150 - End of LoadUrlFiles Thread
2022-09-16 13:37:55,192 [INFO] ServerAccessManage:474 - Download File cube-finder-db.zip
2022-09-16 13:37:55,242 [WARN] MainUpdater:1184 - Updater busy. Cannot search thirdparties
2022-09-16 13:37:55,243 [INFO] ThirdPartyUpdaterWithRetryManager:96 - Updater plugin is busy. [1/15]
2022-09-16 13:37:58,248 [WARN] MainUpdater:1184 - Updater busy. Cannot search thirdparties
2022-09-16 13:37:58,251 [INFO] ThirdPartyUpdaterWithRetryManager:96 - Updater plugin is busy. [2/15]
2022-09-16 13:37:58,449 [INFO] FileExtend:239 - Unzip File : cube-finder-db.zip
2022-09-16 13:37:58,452 [INFO] FileExtend:254 - Standard Zip Deflate
2022-09-16 13:37:59,058 [INFO] LoadUrlFilesThread:150 - End of LoadUrlFiles Thread
2022-09-16 13:38:00,041 [INFO] ServerAccessManage:474 - Download File crdb.zip
2022-09-16 13:38:01,082 [INFO] FileExtend:239 - Unzip File : crdb.zip
2022-09-16 13:38:01,093 [INFO] FileExtend:254 - Standard Zip Deflate
2022-09-16 13:38:01,242 [INFO] LoadUrlFilesThread:150 - End of LoadUrlFiles Thread
2022-09-16 13:38:01,257 [WARN] MainUpdater:1184 - Updater busy. Cannot search thirdparties
2022-09-16 13:38:01,259 [INFO] ThirdPartyUpdaterWithRetryManager:96 - Updater plugin is busy. [3/15]
2022-09-16 13:38:02,902 [INFO] ServerAccessManage:474 - Download File tutoVideoDB.zip
2022-09-16 13:38:02,929 [INFO] FileExtend:239 - Unzip File : tutoVideoDB.zip
2022-09-16 13:38:02,933 [INFO] FileExtend:254 - Standard Zip Deflate
2022-09-16 13:38:03,060 [INFO] LoadUrlFilesThread:150 - End of LoadUrlFiles Thread
2022-09-16 13:38:03,087 [INFO] JxBrowserEngine:106 - Initiate JxBrowser Engine with user profile folder
2022-09-16 13:38:03,255 [ERROR] JxBrowserEngine:59 - Can't initiate JxBrowser engine com.teamdev.jxbrowser.engine.ChromiumBinariesExtractionException: Failed to extract Chromium binaries into /Users/donkoshy/.stm32cubemx/.jxbrowser/Chromium
2022-09-16 13:38:03,256 [WARN] DbFile:40 - Overriding database path with different value: /Users/donkoshy/.stmcufinder/plugins/mcufinder/ => /Users/donkoshy/.stmcufinder/plugins/mcufinder
2022-09-16 13:38:04,210 [INFO] ServerAccessManage:474 - Download File api_config.json
2022-09-16 13:38:04,265 [WARN] MainUpdater:1184 - Updater busy. Cannot search thirdparties
2022-09-16 13:38:04,265 [INFO] ThirdPartyUpdaterWithRetryManager:96 - Updater plugin is busy. [4/15]
2022-09-16 13:38:04,351 [INFO] LoadUrlFilesThread:150 - End of LoadUrlFiles Thread
2022-09-16 13:38:04,358 [INFO] DbMcusAds:52 - JSON generation date=Thu Sep 30 08:55:09 SAST 2021 (1632984909265)
2022-09-16 13:38:04,558 [INFO] ServerAccessManage:474 - Download File 
2022-09-16 13:38:04,616 [INFO] LoadUrlFilesThread:177 - End of LoadServerUrlFiles without Thread
2022-09-16 13:38:04,627 [INFO] TargetSelectorAdapter:228 - Refresh data is successful
2022-09-16 13:38:05,310 [INFO] ApiDb:576 - Connected to CubeFinder SQLite database (/Users/donkoshy/.stmcufinder/plugins/mcufinder/mcu/cube-finder-db.db)
2022-09-16 13:38:05,351 [INFO] ApiDb:663 - CubeFinder database Data Model version=2.1
2022-09-16 13:38:05,351 [INFO] ApiDb:664 - CubeFinder database Configuration version=3.0.32
2022-09-16 13:38:05,352 [INFO] ApiDb:665 - CubeFinder database generation date=2022-08-05 (1659688109)
2022-09-16 13:38:05,352 [INFO] ApiDb:666 - CubeFinder database FW Pack versions=[STM32Cube_FW_C0_V1.0.0, STM32Cube_FW_F4_V1.27.1, STM32Cube_FW_F7_V1.17.0, STM32Cube_FW_G0_V1.6.1, STM32Cube_FW_G4_V1.5.0, STM32Cube_FW_H7_V1.10.0, STM32Cube_FW_L5_V1.4.0, STM32Cube_FW_U5_V1.1.1, STM32Cube_FW_WB_V1.14.1, STM32Cube_FW_WL_V1.2.0, X-CUBE-ALGOBUILD_V1.3.0, X-CUBE-ALS_V1.0.1, X-CUBE-AZRTOS-F4_V1.1.0, X-CUBE-AZRTOS-F7_V1.1.0, X-CUBE-AZRTOS-G0_V1.1.0, X-CUBE-AZRTOS-G4_V1.0.0, X-CUBE-AZRTOS-H7_V2.1.0, X-CUBE-AZRTOS-L4_V1.0.0, X-CUBE-AZRTOS-L5_V1.0.0, X-CUBE-AZRTOS-WL_V1.0.0, X-CUBE-BLE1_V6.2.3, X-CUBE-BLE2_V3.3.0, X-CUBE-EEPRMA1_V3.1.1, X-CUBE-GNSS1_V6.0.0, X-CUBE-MEMS1_V9.1.0, X-CUBE-MEMS1_V9.3.0, X-CUBE-NFC4_V2.0.4, X-CUBE-NFC7_V1.0.0, X-CUBE-SFXS2LP1_V4.0.0, X-CUBE-SUBG2_V5.0.0]
2022-09-16 13:38:06,509 [INFO] ApiDb:239 - Found 138 in-development CPN: [B-WB1M-WPAN1, NUCLEO-C031C6, STEVAL-STWINBX1, STM320518-EVAL, STM32C0116-DK, STM32C011D6Y3TR, STM32C011D6Y6TR, STM32C011F4P3, STM32C011F4P6, STM32C011F4U3, STM32C011F4U6TR, STM32C011F6P3, STM32C011F6P6, STM32C011F6U3, STM32C011F6U6TR, STM32C011J4M3, STM32C011J4M6, STM32C011J6M3, STM32C011J6M6, STM32C0316-DK, STM32C031C4T3, STM32C031C4T6, STM32C031C4U3, STM32C031C4U6, STM32C031C6T3, STM32C031C6T6, STM32C031C6U3, STM32C031C6U6, STM32C031F4P3, STM32C031F4P6, STM32C031F6P3, STM32C031F6P6, STM32C031G4U3, STM32C031G4U6, STM32C031G6U3, STM32C031G6U6, STM32C031K4T3, STM32C031K4T6, STM32C031K4U3, STM32C031K4U6, STM32C031K6T3, STM32C031K6T6, STM32C031K6U3, STM32C031K6U6, STM32G071K8TXN, STM32G071K8UXN, STM32G081GBU6N, STM32G081KBT6N, STM32G081KBUXN, STM32G0B1CCT6N, STM32G0B1KCT6, STM32G0B1NEY6TR, STM32G0B1RCT6N, STM32G0C1CCT6, STM32G0C1CCT6N, STM32G0C1CCU6N, STM32G0C1CET6N, STM32G0C1CEU6N, STM32G0C1KCT6, STM32G0C1NEY6TR, STM32G0C1RCI6N, STM32G0C1RCT6N, STM32G0C1REI6N, STM32G0C1RET6N, STM32G0C1VCI6, STM32G0C1VEI6, STM32G471CCT6, STM32G471CCU6, STM32G471CET3, STM32G471CET6, STM32G471CEU3, STM32G471CEU6, STM32G471MCT6, STM32G471MET3, STM32G471MET6, STM32G471MEY6TR, STM32G471QCT6, STM32G471QET3, STM32G471RCT6, STM32G471RET3, STM32G471RET6, STM32G471VCH6, STM32G471VCI6, STM32G471VCT6, STM32G471VEH3, STM32G471VEH6, STM32G471VEI3, STM32G471VEI6, STM32G471VET3, STM32G471VET6, STM32G474CCT6, STM32L476VGY6PTR, STM32L4R5QGI6STR, STM32MP131AAE3, STM32MP131AAF3, STM32MP131AAG3, STM32MP131CAE3, STM32MP131CAF3, STM32MP131CAG3, STM32MP131DAE7, STM32MP131DAF7, STM32MP131DAG7, STM32MP131FAE7, STM32MP131FAF7, STM32MP131FAG7, STM32MP133AAE3, STM32MP133AAF3, STM32MP133AAG3, STM32MP133CAE3, STM32MP133CAF3, STM32MP133CAG3, STM32MP133DAE7, STM32MP133DAF7, STM32MP133DAG7, STM32MP133FAE7, STM32MP133FAF7, STM32MP133FAG7, STM32MP135AAE3, STM32MP135AAF3, STM32MP135AAG3, STM32MP135CAE3, STM32MP135CAF3, STM32MP135CAG3, STM32MP135DAE7, STM32MP135DAF7, STM32MP135DAG7, STM32MP135F-DK, STM32MP135FAE7, STM32MP135FAF7, STM32MP135FAG7, STM32U595ZJT6Q, STM32U599BJY6QTR, STM32U599NIH6Q, STM32U599NJH6Q, STM32U5A5ZJT6Q, STM32U5A9BJY6QTR, STM32U5A9NJH6Q, STM32WB1MMCH6]
2022-09-16 13:38:06,555 [INFO] DbMcus:215 - Found 3542 MCUs, 3542 are supported
2022-09-16 13:38:06,570 [INFO] ApiDb:418 - Load user favorites file /Users/donkoshy/.stm32cubeide/favorites.mcus.txt: 0 item(s)
2022-09-16 13:38:06,571 [INFO] ApiDb:422 - User favorites MCUs=[]
2022-09-16 13:38:06,571 [INFO] DbMcus:221 - Set 0 / 0 favorites MCUs
2022-09-16 13:38:06,581 [INFO] ApiDb:663 - CubeFinder database Data Model version=2.1
2022-09-16 13:38:06,581 [INFO] ApiDb:664 - CubeFinder database Configuration version=3.0.32
2022-09-16 13:38:06,582 [INFO] ApiDb:665 - CubeFinder database generation date=2022-08-05 (1659688109)
2022-09-16 13:38:06,582 [INFO] ApiDb:666 - CubeFinder database FW Pack versions=[STM32Cube_FW_C0_V1.0.0, STM32Cube_FW_F4_V1.27.1, STM32Cube_FW_F7_V1.17.0, STM32Cube_FW_G0_V1.6.1, STM32Cube_FW_G4_V1.5.0, STM32Cube_FW_H7_V1.10.0, STM32Cube_FW_L5_V1.4.0, STM32Cube_FW_U5_V1.1.1, STM32Cube_FW_WB_V1.14.1, STM32Cube_FW_WL_V1.2.0, X-CUBE-ALGOBUILD_V1.3.0, X-CUBE-ALS_V1.0.1, X-CUBE-AZRTOS-F4_V1.1.0, X-CUBE-AZRTOS-F7_V1.1.0, X-CUBE-AZRTOS-G0_V1.1.0, X-CUBE-AZRTOS-G4_V1.0.0, X-CUBE-AZRTOS-H7_V2.1.0, X-CUBE-AZRTOS-L4_V1.0.0, X-CUBE-AZRTOS-L5_V1.0.0, X-CUBE-AZRTOS-WL_V1.0.0, X-CUBE-BLE1_V6.2.3, X-CUBE-BLE2_V3.3.0, X-CUBE-EEPRMA1_V3.1.1, X-CUBE-GNSS1_V6.0.0, X-CUBE-MEMS1_V9.1.0, X-CUBE-MEMS1_V9.3.0, X-CUBE-NFC4_V2.0.4, X-CUBE-NFC7_V1.0.0, X-CUBE-SFXS2LP1_V4.0.0, X-CUBE-SUBG2_V5.0.0]
2022-09-16 13:38:06,635 [INFO] DbBoardsSqlite:227 - include board P-NUCLEO-WB55-NUCLEO as a kit item of type 'Nucleo-64'
2022-09-16 13:38:06,635 [INFO] DbBoardsSqlite:227 - include board P-NUCLEO-WB55-USBDONGLE as a kit item of type 'Nucleo USB Dongle'
2022-09-16 13:38:06,636 [INFO] DbBoardsSqlite:227 - include board STEVAL-IDP005V1 as a kit item of type 'Evaluation Board'
2022-09-16 13:38:06,636 [INFO] DbBoardsSqlite:227 - include board STEVAL-IDP005V2 as a kit item of type 'Evaluation Board'
2022-09-16 13:38:06,646 [INFO] ApiDb:239 - Found 138 in-development CPN: [B-WB1M-WPAN1, NUCLEO-C031C6, STEVAL-STWINBX1, STM320518-EVAL, STM32C0116-DK, STM32C011D6Y3TR, STM32C011D6Y6TR, STM32C011F4P3, STM32C011F4P6, STM32C011F4U3, STM32C011F4U6TR, STM32C011F6P3, STM32C011F6P6, STM32C011F6U3, STM32C011F6U6TR, STM32C011J4M3, STM32C011J4M6, STM32C011J6M3, STM32C011J6M6, STM32C0316-DK, STM32C031C4T3, STM32C031C4T6, STM32C031C4U3, STM32C031C4U6, STM32C031C6T3, STM32C031C6T6, STM32C031C6U3, STM32C031C6U6, STM32C031F4P3, STM32C031F4P6, STM32C031F6P3, STM32C031F6P6, STM32C031G4U3, STM32C031G4U6, STM32C031G6U3, STM32C031G6U6, STM32C031K4T3, STM32C031K4T6, STM32C031K4U3, STM32C031K4U6, STM32C031K6T3, STM32C031K6T6, STM32C031K6U3, STM32C031K6U6, STM32G071K8TXN, STM32G071K8UXN, STM32G081GBU6N, STM32G081KBT6N, STM32G081KBUXN, STM32G0B1CCT6N, STM32G0B1KCT6, STM32G0B1NEY6TR, STM32G0B1RCT6N, STM32G0C1CCT6, STM32G0C1CCT6N, STM32G0C1CCU6N, STM32G0C1CET6N, STM32G0C1CEU6N, STM32G0C1KCT6, STM32G0C1NEY6TR, STM32G0C1RCI6N, STM32G0C1RCT6N, STM32G0C1REI6N, STM32G0C1RET6N, STM32G0C1VCI6, STM32G0C1VEI6, STM32G471CCT6, STM32G471CCU6, STM32G471CET3, STM32G471CET6, STM32G471CEU3, STM32G471CEU6, STM32G471MCT6, STM32G471MET3, STM32G471MET6, STM32G471MEY6TR, STM32G471QCT6, STM32G471QET3, STM32G471RCT6, STM32G471RET3, STM32G471RET6, STM32G471VCH6, STM32G471VCI6, STM32G471VCT6, STM32G471VEH3, STM32G471VEH6, STM32G471VEI3, STM32G471VEI6, STM32G471VET3, STM32G471VET6, STM32G474CCT6, STM32L476VGY6PTR, STM32L4R5QGI6STR, STM32MP131AAE3, STM32MP131AAF3, STM32MP131AAG3, STM32MP131CAE3, STM32MP131CAF3, STM32MP131CAG3, STM32MP131DAE7, STM32MP131DAF7, STM32MP131DAG7, STM32MP131FAE7, STM32MP131FAF7, STM32MP131FAG7, STM32MP133AAE3, STM32MP133AAF3, STM32MP133AAG3, STM32MP133CAE3, STM32MP133CAF3, STM32MP133CAG3, STM32MP133DAE7, STM32MP133DAF7, STM32MP133DAG7, STM32MP133FAE7, STM32MP133FAF7, STM32MP133FAG7, STM32MP135AAE3, STM32MP135AAF3, STM32MP135AAG3, STM32MP135CAE3, STM32MP135CAF3, STM32MP135CAG3, STM32MP135DAE7, STM32MP135DAF7, STM32MP135DAG7, STM32MP135F-DK, STM32MP135FAE7, STM32MP135FAF7, STM32MP135FAG7, STM32U595ZJT6Q, STM32U599BJY6QTR, STM32U599NIH6Q, STM32U599NJH6Q, STM32U5A5ZJT6Q, STM32U5A9BJY6QTR, STM32U5A9NJH6Q, STM32WB1MMCH6]
2022-09-16 13:38:06,832 [INFO] BoardInfo:879 - No configuration file found for board P-NUCLEO-WB55
2022-09-16 13:38:06,839 [INFO] DbBoards:156 - Kit is not supported: P-NUCLEO-WB55
2022-09-16 13:38:06,844 [INFO] BoardInfo:879 - No configuration file found for board STEVAL-BFA001V1B
2022-09-16 13:38:06,844 [INFO] DbBoards:156 - Kit is not supported: STEVAL-BFA001V1B
2022-09-16 13:38:06,845 [INFO] BoardInfo:879 - No configuration file found for board STEVAL-BFA001V2B
2022-09-16 13:38:06,846 [INFO] DbBoards:156 - Kit is not supported: STEVAL-BFA001V2B
2022-09-16 13:38:06,961 [INFO] DbBoards:160 - Found 176 boards, 173 are supported
2022-09-16 13:38:06,979 [INFO] ApiDb:418 - Load user favorites file /Users/donkoshy/.stm32cubeide/favorites.boards.txt: 0 item(s)
2022-09-16 13:38:06,980 [INFO] ApiDb:422 - User favorites Boards=[]
2022-09-16 13:38:06,981 [INFO] DbBoards:189 - Set 0 / 0 favorites Boards
2022-09-16 13:38:06,988 [INFO] ApiDb:663 - CubeFinder database Data Model version=2.1
2022-09-16 13:38:06,988 [INFO] ApiDb:664 - CubeFinder database Configuration version=3.0.32
2022-09-16 13:38:06,989 [INFO] ApiDb:665 - CubeFinder database generation date=2022-08-05 (1659688109)
2022-09-16 13:38:06,989 [INFO] ApiDb:666 - CubeFinder database FW Pack versions=[STM32Cube_FW_C0_V1.0.0, STM32Cube_FW_F4_V1.27.1, STM32Cube_FW_F7_V1.17.0, STM32Cube_FW_G0_V1.6.1, STM32Cube_FW_G4_V1.5.0, STM32Cube_FW_H7_V1.10.0, STM32Cube_FW_L5_V1.4.0, STM32Cube_FW_U5_V1.1.1, STM32Cube_FW_WB_V1.14.1, STM32Cube_FW_WL_V1.2.0, X-CUBE-ALGOBUILD_V1.3.0, X-CUBE-ALS_V1.0.1, X-CUBE-AZRTOS-F4_V1.1.0, X-CUBE-AZRTOS-F7_V1.1.0, X-CUBE-AZRTOS-G0_V1.1.0, X-CUBE-AZRTOS-G4_V1.0.0, X-CUBE-AZRTOS-H7_V2.1.0, X-CUBE-AZRTOS-L4_V1.0.0, X-CUBE-AZRTOS-L5_V1.0.0, X-CUBE-AZRTOS-WL_V1.0.0, X-CUBE-BLE1_V6.2.3, X-CUBE-BLE2_V3.3.0, X-CUBE-EEPRMA1_V3.1.1, X-CUBE-GNSS1_V6.0.0, X-CUBE-MEMS1_V9.1.0, X-CUBE-MEMS1_V9.3.0, X-CUBE-NFC4_V2.0.4, X-CUBE-NFC7_V1.0.0, X-CUBE-SFXS2LP1_V4.0.0, X-CUBE-SUBG2_V5.0.0]
2022-09-16 13:38:07,646 [WARN] PackLoader:242 - Cannot read IP mode file for STMicroelectronics.X-CUBE-GNSS1.6.0.0
2022-09-16 13:38:07,776 [WARN] PackLoader:242 - Cannot read IP mode file for STMicroelectronics.X-CUBE-AZRTOS-F4.1.1.0
2022-09-16 13:38:07,904 [WARN] PackLoader:242 - Cannot read IP mode file for STMicroelectronics.X-CUBE-AZRTOS-F7.1.1.0
2022-09-16 13:38:07,949 [WARN] PackLoader:242 - Cannot read IP mode file for STMicroelectronics.X-CUBE-BLE1.6.2.3
2022-09-16 13:38:07,991 [WARN] PackLoader:242 - Cannot read IP mode file for STMicroelectronics.X-CUBE-NFC4.2.0.4
2022-09-16 13:38:08,025 [WARN] PackLoader:242 - Cannot read IP mode file for STMicroelectronics.X-CUBE-TOF1.3.1.0
2022-09-16 13:38:08,043 [WARN] PackLoader:242 - Cannot read IP mode file for wolfSSL.I-CUBE-wolfSSL.5.5.0
2022-09-16 13:38:08,053 [WARN] PackLoader:242 - Cannot read IP mode file for STMicroelectronics.X-CUBE-NFC7.1.0.0
2022-09-16 13:38:08,128 [INFO] DbExamplesSqlite:374 - Ignored 31 examples not supported by CubeIDE
2022-09-16 13:38:08,131 [INFO] DbExamplesSqlite:375 - Found 6197 examples active
2022-09-16 13:38:08,133 [INFO] DbExamplesSqlite:376 - Found 89 examples obsolete
2022-09-16 13:38:08,134 [INFO] DbExamplesSqlite:377 - Found 0 examples under development
2022-09-16 13:38:08,136 [INFO] DbExamplesSqlite:378 - Found 76 examples not building
2022-09-16 13:38:08,139 [INFO] DbExamples:124 - Found 6242 examples
2022-09-16 13:38:08,165 [INFO] DbExamples:221 - Found 77 boards with related examples
2022-09-16 13:38:08,166 [INFO] DbExamples:234 - Found 64 MCUs with related examples
2022-09-16 13:38:08,186 [INFO] ApiDb:409 - User favorites file not found: /Users/donkoshy/.stm32cubeide/favorites.examples.txt
2022-09-16 13:38:08,190 [INFO] DbExamples:249 - Set 0 / 0 favorites Examples
2022-09-16 13:38:08,452 [WARN] PackLoader:242 - Cannot read IP mode file for STMicroelectronics.X-CUBE-MEMS1.9.3.0
2022-09-16 13:38:08,758 [WARN] PackLoader:242 - Cannot read IP mode file for STMicroelectronics.X-CUBE-AI.7.2.0
2022-09-16 13:38:08,778 [INFO] McuFinderGlobals:57 - Set McuFinderConnectedMode to true
2022-09-16 13:38:08,781 [WARN] PackLoader:242 - Cannot read IP mode file for STMicroelectronics.X-CUBE-SFXS2LP1.4.0.0
2022-09-16 13:38:08,789 [INFO] MultiScanPanel:195 - Auto-refresh data requested => check proxy status ongoing
2022-09-16 13:38:08,790 [WARN] PackLoader:242 - Cannot read IP mode file for STMicroelectronics.X-CUBE-BLE2.3.3.0
2022-09-16 13:38:08,792 [INFO] FinderPluginLoader:92 - Searching for filters in installed packs
2022-09-16 13:38:08,808 [WARN] PackLoader:242 - Cannot read IP mode file for STMicroelectronics.X-CUBE-DISPLAY.2.2.0
2022-09-16 13:38:08,816 [WARN] PackLoader:242 - Cannot read IP mode file for STMicroelectronics.X-CUBE-ISPU.1.0.0
2022-09-16 13:38:08,838 [WARN] PackLoader:242 - Cannot read IP mode file for RoweBots.I-CUBE-UNISONRTOS.5.5.0-4
2022-09-16 13:38:08,903 [WARN] PackLoader:242 - Cannot read IP mode file for STMicroelectronics.X-CUBE-AZRTOS-H7.2.1.0
2022-09-16 13:38:08,930 [WARN] PackLoader:242 - Cannot read IP mode file for STMicroelectronics.X-CUBE-BLEMGR.1.0.0
2022-09-16 13:38:08,940 [WARN] PackLoader:242 - Cannot read IP mode file for STMicroelectronics.X-CUBE-ALGOBUILD.1.3.0
2022-09-16 13:38:08,964 [WARN] PackLoader:242 - Cannot read IP mode file for STMicroelectronics.X-CUBE-AZRTOS-G0.1.1.0
2022-09-16 13:38:08,982 [WARN] PackLoader:242 - Cannot read IP mode file for STMicroelectronics.X-CUBE-SUBG2.5.0.0
2022-09-16 13:38:09,059 [WARN] PackLoader:242 - Cannot read IP mode file for SEGGER.I-CUBE-embOS.1.2.0
2022-09-16 13:38:09,101 [WARN] PackLoader:242 - Cannot read IP mode file for STMicroelectronics.FP-ATR-ASTRA1.1.1.1
2022-09-16 13:38:09,121 [WARN] PackLoader:242 - Cannot read IP mode file for STMicroelectronics.X-CUBE-AZRTOS-G4.1.0.0
2022-09-16 13:38:09,153 [WARN] PackLoader:242 - Cannot read IP mode file for STMicroelectronics.X-CUBE-AZRTOS-L4.1.0.0
2022-09-16 13:38:09,165 [WARN] PackLoader:242 - Cannot read IP mode file for emotas.I-CUBE-CANOPEN.1.1.2
2022-09-16 13:38:09,169 [WARN] PackLoader:242 - Cannot read IP mode file for STMicroelectronics.X-CUBE-TOUCHGFX.4.20.0
2022-09-16 13:38:09,182 [WARN] PackLoader:242 - Cannot read IP mode file for STMicroelectronics.X-CUBE-AZRTOS-WL.1.0.0
2022-09-16 13:38:09,190 [WARN] PackLoader:242 - Cannot read IP mode file for portGmbH.I-Cube-SoM-uGOAL.1.1.0
2022-09-16 13:38:09,195 [WARN] PackLoader:242 - Cannot read IP mode file for STMicroelectronics.X-CUBE-ALS.1.0.1
2022-09-16 13:38:09,216 [WARN] PackLoader:242 - Cannot read IP mode file for STMicroelectronics.X-CUBE-AZRTOS-L5.1.0.0
2022-09-16 13:38:09,224 [WARN] PackLoader:242 - Cannot read IP mode file for STMicroelectronics.X-CUBE-EEPRMA1.3.1.1
2022-09-16 13:38:09,225 [INFO] ThirdParty:929 - Integrity check success = true
2022-09-16 13:38:09,226 [INFO] IntegrityCheckThread:98 - exiting critical section [integrity check]
2022-09-16 13:38:09,226 [INFO] IntegrityCheckThread:101 - End integrity checks thread
2022-09-16 13:38:10,479 [INFO] LoadUrlFilesThread:177 - End of LoadServerUrlFiles without Thread
2022-09-16 13:38:10,503 [INFO] DetailPanel:339 - Set advertising image to /Users/donkoshy/STM32Cube/Repository//en.Prom_NBSTM32U50921.jpg
2022-09-16 13:41:27,894 [ERROR] LogOutputStream:74 - [STDERR_REDIRECT] 
